<?xml version="1.0" encoding="UTF-8"?>
<testsuite name="hello.HelloTest" tests="2" skipped="0" failures="0" errors="0" timestamp="2019-03-22T14:49:56" hostname="tc405-114-05.insa-lyon.fr" time="0.085">
  <properties/>
  <testcase name="check_null" classname="hello.HelloTest" time="0.08"/>
  <testcase name="check" classname="hello.HelloTest" time="0.005"/>
  <system-out><![CDATA[]]></system-out>
  <system-err><![CDATA[]]></system-err>
</testsuite>
